<?xml version="1.0" encoding="UTF-8"?>
<!-- Generated by org.testng.reporters.JUnitXMLReporter -->
<testsuite ignored="0" hostname="ShailiT" failures="0" tests="4" name="Test" time="108.127" errors="0" timestamp="10 Oct. 2021 19:31:35 GMT">
  <testcase classname="test.LoginTest" name="loginWithEmptyEmailTest" time="6.067"/>
  <testcase classname="test.LoginTest" name="loginWithEmptyPasswordTest" time="6.41"/>
  <testcase classname="test.LoginTest" name="loginWithInvalidEmailTest" time="8.779"/>
  <testcase classname="test.LoginTest" name="loginWithWrongEmailPasswordTest" time="7.114"/>
</testsuite> <!-- Test -->
